<?xml version="1.0" encoding="UTF-8" standalone="yes"?><!DOCTYPE report PUBLIC "-//JACOCO//DTD Report 1.1//EN" "report.dtd"><report name="simple-calculator"><sessioninfo id="Tins-MacBook-Air.local-9ace584c" start="1723119708204" dump="1723119709153"/><package name="demo"><class name="demo/MavySimpleCalculator$2" sourcefilename="MavySimpleCalculator.java"><method name="&lt;init&gt;" desc="(Ljavax/swing/JLabel;Ljavax/swing/JLabel;)V" line="477"><counter type="INSTRUCTION" missed="9" covered="0"/><counter type="LINE" missed="1" covered="0"/><counter type="COMPLEXITY" missed="1" covered="0"/><counter type="METHOD" missed="1" covered="0"/></method><method name="actionPerformed" desc="(Ljava/awt/event/ActionEvent;)V" line="480"><counter type="INSTRUCTION" missed="123" covered="0"/><counter type="BRANCH" missed="13" covered="0"/><counter type="LINE" missed="36" covered="0"/><counter type="COMPLEXITY" missed="11" covered="0"/><counter type="METHOD" missed="1" covered="0"/></method><counter type="INSTRUCTION" missed="132" covered="0"/><counter type="BRANCH" missed="13" covered="0"/><counter type="LINE" missed="37" covered="0"/><counter type="COMPLEXITY" missed="12" covered="0"/><counter type="METHOD" missed="2" covered="0"/><counter type="CLASS" missed="1" covered="0"/></class><class name="demo/MavySimpleCalculator$1" sourcefilename="MavySimpleCalculator.java"><method name="&lt;init&gt;" desc="(Ldemo/MavyButton;Ldemo/MavyButton;Ldemo/MavyButton;Ldemo/MavyButton;Ldemo/MavyButton;Ldemo/MavyButton;Ldemo/MavyButton;Ldemo/MavyButton;Ldemo/MavyButton;Ldemo/MavyButton;Ldemo/MavyButton;Ldemo/MavyButton;Ldemo/MavyButton;Ldemo/MavyButton;Ldemo/MavyButton;Ljavax/swing/JLabel;)V" line="412"><counter type="INSTRUCTION" missed="51" covered="0"/><counter type="LINE" missed="1" covered="0"/><counter type="COMPLEXITY" missed="1" covered="0"/><counter type="METHOD" missed="1" covered="0"/></method><method name="actionPerformed" desc="(Ljava/awt/event/ActionEvent;)V" line="415"><counter type="INSTRUCTION" missed="133" covered="0"/><counter type="BRANCH" missed="30" covered="0"/><counter type="LINE" missed="34" covered="0"/><counter type="COMPLEXITY" missed="16" covered="0"/><counter type="METHOD" missed="1" covered="0"/></method><counter type="INSTRUCTION" missed="184" covered="0"/><counter type="BRANCH" missed="30" covered="0"/><counter type="LINE" missed="35" covered="0"/><counter type="COMPLEXITY" missed="17" covered="0"/><counter type="METHOD" missed="2" covered="0"/><counter type="CLASS" missed="1" covered="0"/></class><class name="demo/MavySimpleCalculator$4" sourcefilename="MavySimpleCalculator.java"><method name="&lt;init&gt;" desc="(Ljavax/swing/JLabel;Ljavax/swing/JLabel;Ljavax/swing/JLabel;Ljavax/swing/JLabel;Ljavax/swing/JLabel;Ldemo/MavyButton;Ldemo/MavyButton;Ldemo/MavyButton;Ldemo/MavyButton;Ldemo/MavyButton;Ldemo/MavyButton;Ldemo/MavyButton;Ldemo/MavyButton;Ldemo/MavyButton;Ldemo/MavyButton;Ldemo/MavyButton;Ldemo/MavyButton;)V" line="563"><counter type="INSTRUCTION" missed="54" covered="0"/><counter type="LINE" missed="1" covered="0"/><counter type="COMPLEXITY" missed="1" covered="0"/><counter type="METHOD" missed="1" covered="0"/></method><method name="actionPerformed" desc="(Ljava/awt/event/ActionEvent;)V" line="566"><counter type="INSTRUCTION" missed="121" covered="0"/><counter type="BRANCH" missed="24" covered="0"/><counter type="LINE" missed="16" covered="0"/><counter type="COMPLEXITY" missed="13" covered="0"/><counter type="METHOD" missed="1" covered="0"/></method><counter type="INSTRUCTION" missed="175" covered="0"/><counter type="BRANCH" missed="24" covered="0"/><counter type="LINE" missed="17" covered="0"/><counter type="COMPLEXITY" missed="14" covered="0"/><counter type="METHOD" missed="2" covered="0"/><counter type="CLASS" missed="1" covered="0"/></class><class name="demo/MavySimpleCalculator$3" sourcefilename="MavySimpleCalculator.java"><method name="&lt;init&gt;" desc="(Ljavax/swing/JLabel;Ljavax/swing/JLabel;)V" line="552"><counter type="INSTRUCTION" missed="9" covered="0"/><counter type="LINE" missed="1" covered="0"/><counter type="COMPLEXITY" missed="1" covered="0"/><counter type="METHOD" missed="1" covered="0"/></method><method name="actionPerformed" desc="(Ljava/awt/event/ActionEvent;)V" line="555"><counter type="INSTRUCTION" missed="9" covered="0"/><counter type="LINE" missed="3" covered="0"/><counter type="COMPLEXITY" missed="1" covered="0"/><counter type="METHOD" missed="1" covered="0"/></method><counter type="INSTRUCTION" missed="18" covered="0"/><counter type="LINE" missed="4" covered="0"/><counter type="COMPLEXITY" missed="2" covered="0"/><counter type="METHOD" missed="2" covered="0"/><counter type="CLASS" missed="1" covered="0"/></class><class name="demo/MavyProps" sourcefilename="MavyProps.java"><method name="&lt;init&gt;" desc="()V" line="5"><counter type="INSTRUCTION" missed="3" covered="0"/><counter type="LINE" missed="1" covered="0"/><counter type="COMPLEXITY" missed="1" covered="0"/><counter type="METHOD" missed="1" covered="0"/></method><method name="createFont" desc="(I)Ljava/awt/Font;" line="30"><counter type="INSTRUCTION" missed="0" covered="7"/><counter type="LINE" missed="0" covered="1"/><counter type="COMPLEXITY" missed="0" covered="1"/><counter type="METHOD" missed="0" covered="1"/></method><method name="forceCapitalize" desc="(Ljava/lang/String;)Ljava/lang/String;" line="40"><counter type="INSTRUCTION" missed="0" covered="45"/><counter type="BRANCH" missed="0" covered="4"/><counter type="LINE" missed="0" covered="7"/><counter type="COMPLEXITY" missed="0" covered="3"/><counter type="METHOD" missed="0" covered="1"/></method><method name="reverseString" desc="(Ljava/lang/String;)Ljava/lang/String;" line="62"><counter type="INSTRUCTION" missed="0" covered="7"/><counter type="LINE" missed="0" covered="1"/><counter type="COMPLEXITY" missed="0" covered="1"/><counter type="METHOD" missed="0" covered="1"/></method><method name="&lt;clinit&gt;" desc="()V" line="9"><counter type="INSTRUCTION" missed="0" covered="41"/><counter type="LINE" missed="0" covered="8"/><counter type="COMPLEXITY" missed="0" covered="1"/><counter type="METHOD" missed="0" covered="1"/></method><counter type="INSTRUCTION" missed="3" covered="100"/><counter type="BRANCH" missed="0" covered="4"/><counter type="LINE" missed="1" covered="17"/><counter type="COMPLEXITY" missed="1" covered="6"/><counter type="METHOD" missed="1" covered="4"/><counter type="CLASS" missed="0" covered="1"/></class><class name="demo/MavyButton" sourcefilename="MavyButton.java"><method name="&lt;init&gt;" desc="(Ljava/lang/String;)V" line="10"><counter type="INSTRUCTION" missed="0" covered="22"/><counter type="LINE" missed="0" covered="8"/><counter type="COMPLEXITY" missed="0" covered="1"/><counter type="METHOD" missed="0" covered="1"/></method><method name="&lt;init&gt;" desc="(Ljava/lang/String;Ljava/awt/Color;)V" line="21"><counter type="INSTRUCTION" missed="0" covered="7"/><counter type="LINE" missed="0" covered="3"/><counter type="COMPLEXITY" missed="0" covered="1"/><counter type="METHOD" missed="0" covered="1"/></method><method name="setCustomEnabled" desc="(Z)V" line="31"><counter type="INSTRUCTION" missed="0" covered="21"/><counter type="BRANCH" missed="0" covered="2"/><counter type="LINE" missed="0" covered="7"/><counter type="COMPLEXITY" missed="0" covered="2"/><counter type="METHOD" missed="0" covered="1"/></method><counter type="INSTRUCTION" missed="0" covered="50"/><counter type="BRANCH" missed="0" covered="2"/><counter type="LINE" missed="0" covered="18"/><counter type="COMPLEXITY" missed="0" covered="4"/><counter type="METHOD" missed="0" covered="3"/><counter type="CLASS" missed="0" covered="1"/></class><class name="demo/MavyInputCalculator" sourcefilename="MavyInputCalculator.java"><method name="&lt;init&gt;" desc="(Ljava/lang/String;)V" line="11"><counter type="INSTRUCTION" missed="0" covered="29"/><counter type="LINE" missed="0" covered="5"/><counter type="COMPLEXITY" missed="0" covered="1"/><counter type="METHOD" missed="0" covered="1"/></method><method name="checkOperation" desc="(C)Z" line="25"><counter type="INSTRUCTION" missed="0" covered="19"/><counter type="BRANCH" missed="0" covered="4"/><counter type="LINE" missed="0" covered="4"/><counter type="COMPLEXITY" missed="0" covered="3"/><counter type="METHOD" missed="0" covered="1"/></method><method name="hasOperator" desc="(Ljava/lang/String;)Z" line="42"><counter type="INSTRUCTION" missed="0" covered="18"/><counter type="BRANCH" missed="0" covered="4"/><counter type="LINE" missed="0" covered="4"/><counter type="COMPLEXITY" missed="0" covered="3"/><counter type="METHOD" missed="0" covered="1"/></method><method name="getHighestOperator" desc="(Ljava/lang/String;)C" line="58"><counter type="INSTRUCTION" missed="40" covered="64"/><counter type="BRANCH" missed="27" covered="17"/><counter type="LINE" missed="3" covered="14"/><counter type="COMPLEXITY" missed="17" covered="6"/><counter type="METHOD" missed="0" covered="1"/></method><method name="getLROperand" desc="(Ljava/lang/String;I)Ljava/util/HashMap;" line="98"><counter type="INSTRUCTION" missed="11" covered="136"/><counter type="BRANCH" missed="6" covered="20"/><counter type="LINE" missed="3" covered="31"/><counter type="COMPLEXITY" missed="5" covered="9"/><counter type="METHOD" missed="0" covered="1"/></method><method name="evaluate" desc="(Ljava/lang/String;)Ljava/lang/String;" line="171"><counter type="INSTRUCTION" missed="3" covered="124"/><counter type="BRANCH" missed="4" covered="21"/><counter type="LINE" missed="2" covered="31"/><counter type="COMPLEXITY" missed="4" covered="11"/><counter type="METHOD" missed="0" covered="1"/></method><method name="calculate" desc="()Ljava/lang/String;" line="248"><counter type="INSTRUCTION" missed="0" covered="19"/><counter type="BRANCH" missed="0" covered="2"/><counter type="LINE" missed="0" covered="4"/><counter type="COMPLEXITY" missed="0" covered="2"/><counter type="METHOD" missed="0" covered="1"/></method><counter type="INSTRUCTION" missed="54" covered="409"/><counter type="BRANCH" missed="37" covered="68"/><counter type="LINE" missed="8" covered="93"/><counter type="COMPLEXITY" missed="26" covered="35"/><counter type="METHOD" missed="0" covered="7"/><counter type="CLASS" missed="0" covered="1"/></class><class name="demo/MavySimpleCalculator" sourcefilename="MavySimpleCalculator.java"><method name="&lt;init&gt;" desc="()V" line="28"><counter type="INSTRUCTION" missed="3" covered="0"/><counter type="LINE" missed="1" covered="0"/><counter type="COMPLEXITY" missed="1" covered="0"/><counter type="METHOD" missed="1" covered="0"/></method><method name="convertDecimalToBinary" desc="(Ljava/lang/String;)Ljava/lang/String;" line="50"><counter type="INSTRUCTION" missed="6" covered="110"/><counter type="BRANCH" missed="5" covered="21"/><counter type="LINE" missed="2" covered="27"/><counter type="COMPLEXITY" missed="5" covered="9"/><counter type="METHOD" missed="0" covered="1"/></method><method name="convertBinaryToDecimal" desc="(Ljava/lang/String;)Ljava/lang/String;" line="152"><counter type="INSTRUCTION" missed="5" covered="149"/><counter type="BRANCH" missed="1" covered="27"/><counter type="LINE" missed="2" covered="25"/><counter type="COMPLEXITY" missed="1" covered="14"/><counter type="METHOD" missed="0" covered="1"/></method><method name="calculate" desc="(Ljavax/swing/JLabel;Ljavax/swing/JLabel;Ljava/lang/String;)V" line="239"><counter type="INSTRUCTION" missed="48" covered="0"/><counter type="BRANCH" missed="4" covered="0"/><counter type="LINE" missed="13" covered="0"/><counter type="COMPLEXITY" missed="3" covered="0"/><counter type="METHOD" missed="1" covered="0"/></method><method name="switchMode" desc="(Ljavax/swing/JLabel;Ljavax/swing/JLabel;Ljavax/swing/JLabel;)I" line="270"><counter type="INSTRUCTION" missed="0" covered="32"/><counter type="BRANCH" missed="1" covered="3"/><counter type="LINE" missed="0" covered="11"/><counter type="COMPLEXITY" missed="1" covered="3"/><counter type="METHOD" missed="0" covered="1"/></method><method name="main" desc="([Ljava/lang/String;)V" line="297"><counter type="INSTRUCTION" missed="719" covered="0"/><counter type="BRANCH" missed="2" covered="0"/><counter type="LINE" missed="150" covered="0"/><counter type="COMPLEXITY" missed="2" covered="0"/><counter type="METHOD" missed="1" covered="0"/></method><method name="&lt;clinit&gt;" desc="()V" line="29"><counter type="INSTRUCTION" missed="0" covered="17"/><counter type="LINE" missed="0" covered="4"/><counter type="COMPLEXITY" missed="0" covered="1"/><counter type="METHOD" missed="0" covered="1"/></method><counter type="INSTRUCTION" missed="781" covered="308"/><counter type="BRANCH" missed="13" covered="51"/><counter type="LINE" missed="168" covered="67"/><counter type="COMPLEXITY" missed="13" covered="27"/><counter type="METHOD" missed="3" covered="4"/><counter type="CLASS" missed="0" covered="1"/></class><class name="demo/MavySimpleCalculator$5" sourcefilename="MavySimpleCalculator.java"><method name="&lt;init&gt;" desc="(Ljavax/swing/JLabel;Ljavax/swing/JLabel;Ljavax/swing/JLabel;Ljavax/swing/JLabel;Ljavax/swing/JLabel;Ldemo/MavyButton;Ldemo/MavyButton;Ldemo/MavyButton;Ldemo/MavyButton;Ldemo/MavyButton;Ldemo/MavyButton;Ldemo/MavyButton;Ldemo/MavyButton;Ldemo/MavyButton;Ldemo/MavyButton;Ldemo/MavyButton;Ldemo/MavyButton;Ldemo/MavyButton;Ldemo/MavyButton;Ldemo/MavyButton;Ldemo/MavyButton;Ldemo/MavyButton;Ldemo/MavyButton;Ldemo/MavyButton;)V" line="590"><counter type="INSTRUCTION" missed="75" covered="0"/><counter type="LINE" missed="1" covered="0"/><counter type="COMPLEXITY" missed="1" covered="0"/><counter type="METHOD" missed="1" covered="0"/></method><method name="actionPerformed" desc="(Ljava/awt/event/ActionEvent;)V" line="593"><counter type="INSTRUCTION" missed="164" covered="0"/><counter type="BRANCH" missed="8" covered="0"/><counter type="LINE" missed="39" covered="0"/><counter type="COMPLEXITY" missed="5" covered="0"/><counter type="METHOD" missed="1" covered="0"/></method><counter type="INSTRUCTION" missed="239" covered="0"/><counter type="BRANCH" missed="8" covered="0"/><counter type="LINE" missed="40" covered="0"/><counter type="COMPLEXITY" missed="6" covered="0"/><counter type="METHOD" missed="2" covered="0"/><counter type="CLASS" missed="1" covered="0"/></class><sourcefile name="MavyInputCalculator.java"><line nr="11" mi="0" ci="3" mb="0" cb="0"/><line nr="12" mi="0" ci="20" mb="0" cb="0"/><line nr="14" mi="0" ci="2" mb="0" cb="0"/><line nr="15" mi="0" ci="3" mb="0" cb="0"/><line nr="16" mi="0" ci="1" mb="0" cb="0"/><line nr="25" mi="0" ci="9" mb="0" cb="2"/><line nr="26" mi="0" ci="6" mb="0" cb="2"/><line nr="27" mi="0" ci="2" mb="0" cb="0"/><line nr="31" mi="0" ci="2" mb="0" cb="0"/><line nr="42" mi="0" ci="8" mb="0" cb="2"/><line nr="43" mi="0" ci="6" mb="0" cb="2"/><line nr="44" mi="0" ci="2" mb="0" cb="0"/><line nr="48" mi="0" ci="2" mb="0" cb="0"/><line nr="58" mi="0" ci="5" mb="0" cb="0"/><line nr="59" mi="0" ci="5" mb="0" cb="0"/><line nr="60" mi="0" ci="5" mb="0" cb="0"/><line nr="61" mi="0" ci="5" mb="0" cb="0"/><line nr="63" mi="0" ci="6" mb="1" cb="3"/><line nr="64" mi="7" ci="0" mb="2" cb="0"/><line nr="67" mi="6" ci="6" mb="5" cb="3"/><line nr="68" mi="0" ci="2" mb="0" cb="0"/><line nr="71" mi="6" ci="6" mb="5" cb="3"/><line nr="72" mi="0" ci="2" mb="0" cb="0"/><line nr="75" mi="0" ci="6" mb="1" cb="3"/><line nr="76" mi="7" ci="0" mb="2" cb="0"/><line nr="79" mi="6" ci="6" mb="5" cb="3"/><line nr="80" mi="0" ci="2" mb="0" cb="0"/><line nr="83" mi="6" ci="6" mb="6" cb="2"/><line nr="84" mi="0" ci="2" mb="0" cb="0"/><line nr="87" mi="2" ci="0" mb="0" cb="0"/><line nr="98" mi="0" ci="2" mb="0" cb="0"/><line nr="99" mi="0" ci="2" mb="0" cb="0"/><line nr="101" mi="0" ci="2" mb="0" cb="0"/><line nr="102" mi="0" ci="2" mb="0" cb="0"/><line nr="105" mi="0" ci="8" mb="0" cb="2"/><line nr="106" mi="0" ci="4" mb="0" cb="2"/><line nr="107" mi="0" ci="3" mb="0" cb="0"/><line nr="109" mi="0" ci="4" mb="0" cb="0"/><line nr="112" mi="0" ci="4" mb="0" cb="0"/><line nr="114" mi="0" ci="4" mb="0" cb="2"/><line nr="115" mi="0" ci="6" mb="1" cb="3"/><line nr="116" mi="0" ci="12" mb="0" cb="2"/><line nr="118" mi="0" ci="3" mb="0" cb="2"/><line nr="119" mi="0" ci="4" mb="0" cb="0"/><line nr="121" mi="0" ci="1" mb="0" cb="0"/><line nr="126" mi="0" ci="4" mb="0" cb="0"/><line nr="130" mi="0" ci="10" mb="0" cb="2"/><line nr="131" mi="0" ci="6" mb="0" cb="2"/><line nr="132" mi="0" ci="4" mb="0" cb="0"/><line nr="134" mi="0" ci="2" mb="0" cb="0"/><line nr="137" mi="0" ci="4" mb="0" cb="0"/><line nr="139" mi="5" ci="6" mb="4" cb="2"/><line nr="140" mi="4" ci="0" mb="0" cb="0"/><line nr="141" mi="1" ci="0" mb="0" cb="0"/><line nr="142" mi="0" ci="4" mb="1" cb="1"/><line nr="143" mi="1" ci="0" mb="0" cb="0"/><line nr="146" mi="0" ci="4" mb="0" cb="0"/><line nr="149" mi="0" ci="3" mb="0" cb="0"/><line nr="151" mi="0" ci="4" mb="0" cb="0"/><line nr="153" mi="0" ci="5" mb="0" cb="0"/><line nr="154" mi="0" ci="5" mb="0" cb="0"/><line nr="155" mi="0" ci="6" mb="0" cb="0"/><line nr="156" mi="0" ci="6" mb="0" cb="0"/><line nr="158" mi="0" ci="2" mb="0" cb="0"/><line nr="171" mi="0" ci="4" mb="0" cb="2"/><line nr="172" mi="0" ci="2" mb="0" cb="0"/><line nr="175" mi="0" ci="4" mb="1" cb="1"/><line nr="176" mi="0" ci="4" mb="0" cb="0"/><line nr="178" mi="0" ci="8" mb="1" cb="1"/><line nr="179" mi="0" ci="4" mb="0" cb="0"/><line nr="182" mi="0" ci="8" mb="0" cb="6"/><line nr="183" mi="0" ci="1" mb="0" cb="0"/><line nr="186" mi="0" ci="7" mb="0" cb="4"/><line nr="187" mi="0" ci="5" mb="0" cb="0"/><line nr="189" mi="0" ci="5" mb="0" cb="0"/><line nr="190" mi="0" ci="5" mb="0" cb="0"/><line nr="191" mi="0" ci="6" mb="0" cb="0"/><line nr="192" mi="0" ci="6" mb="0" cb="0"/><line nr="202" mi="0" ci="6" mb="1" cb="3"/><line nr="203" mi="0" ci="2" mb="0" cb="0"/><line nr="207" mi="0" ci="3" mb="0" cb="0"/><line nr="208" mi="0" ci="3" mb="0" cb="0"/><line nr="209" mi="0" ci="2" mb="0" cb="0"/><line nr="211" mi="0" ci="2" mb="1" cb="4"/><line nr="213" mi="0" ci="4" mb="0" cb="0"/><line nr="214" mi="0" ci="1" mb="0" cb="0"/><line nr="216" mi="0" ci="4" mb="0" cb="0"/><line nr="217" mi="0" ci="1" mb="0" cb="0"/><line nr="219" mi="0" ci="4" mb="0" cb="0"/><line nr="220" mi="0" ci="1" mb="0" cb="0"/><line nr="222" mi="0" ci="4" mb="0" cb="0"/><line nr="226" mi="0" ci="9" mb="0" cb="0"/><line nr="231" mi="0" ci="4" mb="0" cb="0"/><line nr="232" mi="0" ci="1" mb="0" cb="0"/><line nr="233" mi="0" ci="4" mb="0" cb="0"/><line nr="237" mi="1" ci="0" mb="0" cb="0"/><line nr="239" mi="2" ci="0" mb="0" cb="0"/><line nr="248" mi="0" ci="5" mb="0" cb="0"/><line nr="250" mi="0" ci="4" mb="0" cb="2"/><line nr="251" mi="0" ci="8" mb="0" cb="0"/><line nr="254" mi="0" ci="2" mb="0" cb="0"/><counter type="INSTRUCTION" missed="54" covered="409"/><counter type="BRANCH" missed="37" covered="68"/><counter type="LINE" missed="8" covered="93"/><counter type="COMPLEXITY" missed="26" covered="35"/><counter type="METHOD" missed="0" covered="7"/><counter type="CLASS" missed="0" covered="1"/></sourcefile><sourcefile name="MavySimpleCalculator.java"><line nr="28" mi="3" ci="0" mb="0" cb="0"/><line nr="29" mi="0" ci="6" mb="0" cb="0"/><line nr="30" mi="0" ci="6" mb="0" cb="0"/><line nr="37" mi="0" ci="2" mb="0" cb="0"/><line nr="38" mi="0" ci="3" mb="0" cb="0"/><line nr="50" mi="0" ci="3" mb="0" cb="2"/><line nr="51" mi="0" ci="2" mb="0" cb="0"/><line nr="52" mi="0" ci="2" mb="0" cb="0"/><line nr="58" mi="0" ci="4" mb="0" cb="0"/><line nr="61" mi="0" ci="11" mb="0" cb="2"/><line nr="64" mi="0" ci="4" mb="0" cb="2"/><line nr="66" mi="0" ci="6" mb="0" cb="0"/><line nr="68" mi="0" ci="5" mb="0" cb="0"/><line nr="72" mi="0" ci="4" mb="0" cb="2"/><line nr="82" mi="0" ci="6" mb="0" cb="0"/><line nr="85" mi="0" ci="2" mb="0" cb="0"/><line nr="98" mi="0" ci="8" mb="2" cb="2"/><line nr="100" mi="0" ci="4" mb="0" cb="0"/><line nr="103" mi="0" ci="10" mb="0" cb="2"/><line nr="107" mi="0" ci="4" mb="1" cb="1"/><line nr="108" mi="5" ci="0" mb="0" cb="0"/><line nr="112" mi="0" ci="1" mb="0" cb="0"/><line nr="115" mi="0" ci="7" mb="1" cb="3"/><line nr="116" mi="1" ci="0" mb="0" cb="0"/><line nr="119" mi="0" ci="1" mb="0" cb="0"/><line nr="120" mi="0" ci="4" mb="0" cb="2"/><line nr="122" mi="0" ci="2" mb="0" cb="0"/><line nr="125" mi="0" ci="1" mb="0" cb="0"/><line nr="126" mi="0" ci="2" mb="0" cb="0"/><line nr="127" mi="0" ci="1" mb="0" cb="0"/><line nr="132" mi="0" ci="6" mb="1" cb="3"/><line nr="133" mi="0" ci="5" mb="0" cb="0"/><line nr="136" mi="0" ci="3" mb="0" cb="0"/><line nr="139" mi="0" ci="2" mb="0" cb="0"/><line nr="152" mi="0" ci="3" mb="0" cb="2"/><line nr="154" mi="0" ci="2" mb="0" cb="0"/><line nr="155" mi="0" ci="2" mb="0" cb="0"/><line nr="158" mi="0" ci="17" mb="0" cb="2"/><line nr="159" mi="0" ci="9" mb="0" cb="6"/><line nr="160" mi="0" ci="2" mb="0" cb="0"/><line nr="165" mi="0" ci="4" mb="0" cb="0"/><line nr="166" mi="0" ci="8" mb="0" cb="2"/><line nr="168" mi="0" ci="4" mb="0" cb="2"/><line nr="171" mi="0" ci="10" mb="0" cb="2"/><line nr="172" mi="0" ci="8" mb="0" cb="2"/><line nr="175" mi="0" ci="7" mb="0" cb="2"/><line nr="177" mi="0" ci="7" mb="0" cb="2"/><line nr="196" mi="2" ci="13" mb="1" cb="1"/><line nr="201" mi="0" ci="2" mb="0" cb="2"/><line nr="202" mi="0" ci="4" mb="0" cb="0"/><line nr="204" mi="0" ci="8" mb="0" cb="2"/><line nr="205" mi="0" ci="7" mb="0" cb="0"/><line nr="206" mi="0" ci="10" mb="0" cb="0"/><line nr="208" mi="0" ci="4" mb="0" cb="0"/><line nr="211" mi="0" ci="6" mb="0" cb="0"/><line nr="213" mi="0" ci="5" mb="0" cb="0"/><line nr="216" mi="0" ci="3" mb="0" cb="0"/><line nr="218" mi="1" ci="0" mb="0" cb="0"/><line nr="219" mi="2" ci="0" mb="0" cb="0"/><line nr="224" mi="0" ci="2" mb="0" cb="0"/><line nr="228" mi="0" ci="2" mb="0" cb="0"/><line nr="239" mi="5" ci="0" mb="0" cb="0"/><line nr="241" mi="5" ci="0" mb="0" cb="0"/><line nr="242" mi="3" ci="0" mb="0" cb="0"/><line nr="244" mi="4" ci="0" mb="2" cb="0"/><line nr="245" mi="9" ci="0" mb="0" cb="0"/><line nr="247" mi="4" ci="0" mb="2" cb="0"/><line nr="248" mi="4" ci="0" mb="0" cb="0"/><line nr="250" mi="3" ci="0" mb="0" cb="0"/><line nr="253" mi="3" ci="0" mb="0" cb="0"/><line nr="254" mi="1" ci="0" mb="0" cb="0"/><line nr="256" mi="3" ci="0" mb="0" cb="0"/><line nr="257" mi="3" ci="0" mb="0" cb="0"/><line nr="259" mi="1" ci="0" mb="0" cb="0"/><line nr="270" mi="0" ci="3" mb="0" cb="0"/><line nr="271" mi="0" ci="3" mb="0" cb="0"/><line nr="272" mi="0" ci="3" mb="0" cb="0"/><line nr="275" mi="0" ci="4" mb="0" cb="0"/><line nr="277" mi="0" ci="4" mb="1" cb="3"/><line nr="280" mi="0" ci="3" mb="0" cb="0"/><line nr="281" mi="0" ci="1" mb="0" cb="0"/><line nr="284" mi="0" ci="3" mb="0" cb="0"/><line nr="285" mi="0" ci="1" mb="0" cb="0"/><line nr="288" mi="0" ci="3" mb="0" cb="0"/><line nr="292" mi="0" ci="4" mb="0" cb="0"/><line nr="297" mi="5" ci="0" mb="0" cb="0"/><line nr="298" mi="3" ci="0" mb="0" cb="0"/><line nr="299" mi="3" ci="0" mb="0" cb="0"/><line nr="300" mi="3" ci="0" mb="0" cb="0"/><line nr="301" mi="3" ci="0" mb="0" cb="0"/><line nr="307" mi="9" ci="0" mb="0" cb="0"/><line nr="309" mi="2" ci="0" mb="2" cb="0"/><line nr="310" mi="5" ci="0" mb="0" cb="0"/><line nr="311" mi="4" ci="0" mb="0" cb="0"/><line nr="314" mi="1" ci="0" mb="0" cb="0"/><line nr="316" mi="1" ci="0" mb="0" cb="0"/><line nr="320" mi="4" ci="0" mb="0" cb="0"/><line nr="321" mi="3" ci="0" mb="0" cb="0"/><line nr="323" mi="6" ci="0" mb="0" cb="0"/><line nr="324" mi="3" ci="0" mb="0" cb="0"/><line nr="326" mi="6" ci="0" mb="0" cb="0"/><line nr="327" mi="4" ci="0" mb="0" cb="0"/><line nr="331" mi="5" ci="0" mb="0" cb="0"/><line nr="332" mi="5" ci="0" mb="0" cb="0"/><line nr="333" mi="5" ci="0" mb="0" cb="0"/><line nr="334" mi="5" ci="0" mb="0" cb="0"/><line nr="335" mi="9" ci="0" mb="0" cb="0"/><line nr="336" mi="9" ci="0" mb="0" cb="0"/><line nr="339" mi="6" ci="0" mb="0" cb="0"/><line nr="340" mi="6" ci="0" mb="0" cb="0"/><line nr="341" mi="6" ci="0" mb="0" cb="0"/><line nr="344" mi="6" ci="0" mb="0" cb="0"/><line nr="347" mi="6" ci="0" mb="0" cb="0"/><line nr="350" mi="6" ci="0" mb="0" cb="0"/><line nr="351" mi="6" ci="0" mb="0" cb="0"/><line nr="352" mi="6" ci="0" mb="0" cb="0"/><line nr="353" mi="6" ci="0" mb="0" cb="0"/><line nr="356" mi="6" ci="0" mb="0" cb="0"/><line nr="357" mi="6" ci="0" mb="0" cb="0"/><line nr="358" mi="6" ci="0" mb="0" cb="0"/><line nr="359" mi="6" ci="0" mb="0" cb="0"/><line nr="362" mi="6" ci="0" mb="0" cb="0"/><line nr="363" mi="6" ci="0" mb="0" cb="0"/><line nr="364" mi="6" ci="0" mb="0" cb="0"/><line nr="365" mi="6" ci="0" mb="0" cb="0"/><line nr="368" mi="6" ci="0" mb="0" cb="0"/><line nr="369" mi="6" ci="0" mb="0" cb="0"/><line nr="370" mi="6" ci="0" mb="0" cb="0"/><line nr="371" mi="5" ci="0" mb="0" cb="0"/><line nr="374" mi="6" ci="0" mb="0" cb="0"/><line nr="375" mi="6" ci="0" mb="0" cb="0"/><line nr="376" mi="6" ci="0" mb="0" cb="0"/><line nr="380" mi="3" ci="0" mb="0" cb="0"/><line nr="381" mi="3" ci="0" mb="0" cb="0"/><line nr="383" mi="3" ci="0" mb="0" cb="0"/><line nr="384" mi="3" ci="0" mb="0" cb="0"/><line nr="385" mi="3" ci="0" mb="0" cb="0"/><line nr="387" mi="4" ci="0" mb="0" cb="0"/><line nr="388" mi="4" ci="0" mb="0" cb="0"/><line nr="389" mi="4" ci="0" mb="0" cb="0"/><line nr="391" mi="3" ci="0" mb="0" cb="0"/><line nr="392" mi="3" ci="0" mb="0" cb="0"/><line nr="394" mi="4" ci="0" mb="0" cb="0"/><line nr="395" mi="3" ci="0" mb="0" cb="0"/><line nr="397" mi="4" ci="0" mb="0" cb="0"/><line nr="398" mi="3" ci="0" mb="0" cb="0"/><line nr="400" mi="3" ci="0" mb="0" cb="0"/><line nr="401" mi="3" ci="0" mb="0" cb="0"/><line nr="402" mi="3" ci="0" mb="0" cb="0"/><line nr="404" mi="3" ci="0" mb="0" cb="0"/><line nr="405" mi="3" ci="0" mb="0" cb="0"/><line nr="407" mi="3" ci="0" mb="0" cb="0"/><line nr="408" mi="3" ci="0" mb="0" cb="0"/><line nr="412" mi="71" ci="0" mb="0" cb="0"/><line nr="415" mi="3" ci="0" mb="0" cb="0"/><line nr="417" mi="2" ci="0" mb="0" cb="0"/><line nr="419" mi="5" ci="0" mb="2" cb="0"/><line nr="420" mi="3" ci="0" mb="0" cb="0"/><line nr="421" mi="5" ci="0" mb="2" cb="0"/><line nr="422" mi="3" ci="0" mb="0" cb="0"/><line nr="423" mi="5" ci="0" mb="2" cb="0"/><line nr="424" mi="3" ci="0" mb="0" cb="0"/><line nr="425" mi="5" ci="0" mb="2" cb="0"/><line nr="426" mi="3" ci="0" mb="0" cb="0"/><line nr="427" mi="5" ci="0" mb="2" cb="0"/><line nr="428" mi="3" ci="0" mb="0" cb="0"/><line nr="429" mi="5" ci="0" mb="2" cb="0"/><line nr="430" mi="3" ci="0" mb="0" cb="0"/><line nr="431" mi="5" ci="0" mb="2" cb="0"/><line nr="432" mi="3" ci="0" mb="0" cb="0"/><line nr="433" mi="5" ci="0" mb="2" cb="0"/><line nr="434" mi="3" ci="0" mb="0" cb="0"/><line nr="435" mi="5" ci="0" mb="2" cb="0"/><line nr="436" mi="3" ci="0" mb="0" cb="0"/><line nr="437" mi="5" ci="0" mb="2" cb="0"/><line nr="438" mi="3" ci="0" mb="0" cb="0"/><line nr="439" mi="5" ci="0" mb="2" cb="0"/><line nr="440" mi="3" ci="0" mb="0" cb="0"/><line nr="441" mi="5" ci="0" mb="2" cb="0"/><line nr="442" mi="3" ci="0" mb="0" cb="0"/><line nr="443" mi="5" ci="0" mb="2" cb="0"/><line nr="444" mi="3" ci="0" mb="0" cb="0"/><line nr="445" mi="5" ci="0" mb="2" cb="0"/><line nr="446" mi="3" ci="0" mb="0" cb="0"/><line nr="447" mi="5" ci="0" mb="2" cb="0"/><line nr="448" mi="2" ci="0" mb="0" cb="0"/><line nr="451" mi="8" ci="0" mb="0" cb="0"/><line nr="452" mi="1" ci="0" mb="0" cb="0"/><line nr="458" mi="3" ci="0" mb="0" cb="0"/><line nr="459" mi="3" ci="0" mb="0" cb="0"/><line nr="460" mi="3" ci="0" mb="0" cb="0"/><line nr="461" mi="3" ci="0" mb="0" cb="0"/><line nr="462" mi="3" ci="0" mb="0" cb="0"/><line nr="463" mi="3" ci="0" mb="0" cb="0"/><line nr="464" mi="3" ci="0" mb="0" cb="0"/><line nr="465" mi="3" ci="0" mb="0" cb="0"/><line nr="466" mi="3" ci="0" mb="0" cb="0"/><line nr="467" mi="3" ci="0" mb="0" cb="0"/><line nr="468" mi="3" ci="0" mb="0" cb="0"/><line nr="469" mi="3" ci="0" mb="0" cb="0"/><line nr="470" mi="3" ci="0" mb="0" cb="0"/><line nr="471" mi="3" ci="0" mb="0" cb="0"/><line nr="472" mi="3" ci="0" mb="0" cb="0"/><line nr="477" mi="16" ci="0" mb="0" cb="0"/><line nr="480" mi="5" ci="0" mb="0" cb="0"/><line nr="482" mi="4" ci="0" mb="4" cb="0"/><line nr="485" mi="4" ci="0" mb="0" cb="0"/><line nr="486" mi="6" ci="0" mb="0" cb="0"/><line nr="487" mi="1" ci="0" mb="0" cb="0"/><line nr="490" mi="3" ci="0" mb="0" cb="0"/><line nr="492" mi="8" ci="0" mb="4" cb="0"/><line nr="495" mi="4" ci="0" mb="0" cb="0"/><line nr="496" mi="4" ci="0" mb="0" cb="0"/><line nr="497" mi="1" ci="0" mb="0" cb="0"/><line nr="500" mi="4" ci="0" mb="0" cb="0"/><line nr="501" mi="4" ci="0" mb="0" cb="0"/><line nr="502" mi="1" ci="0" mb="0" cb="0"/><line nr="505" mi="4" ci="0" mb="0" cb="0"/><line nr="506" mi="4" ci="0" mb="0" cb="0"/><line nr="507" mi="1" ci="0" mb="0" cb="0"/><line nr="509" mi="4" ci="0" mb="0" cb="0"/><line nr="510" mi="4" ci="0" mb="0" cb="0"/><line nr="513" mi="1" ci="0" mb="0" cb="0"/><line nr="516" mi="3" ci="0" mb="0" cb="0"/><line nr="518" mi="8" ci="0" mb="5" cb="0"/><line nr="521" mi="4" ci="0" mb="0" cb="0"/><line nr="522" mi="4" ci="0" mb="0" cb="0"/><line nr="523" mi="1" ci="0" mb="0" cb="0"/><line nr="526" mi="4" ci="0" mb="0" cb="0"/><line nr="527" mi="4" ci="0" mb="0" cb="0"/><line nr="528" mi="1" ci="0" mb="0" cb="0"/><line nr="531" mi="4" ci="0" mb="0" cb="0"/><line nr="532" mi="4" ci="0" mb="0" cb="0"/><line nr="533" mi="1" ci="0" mb="0" cb="0"/><line nr="536" mi="4" ci="0" mb="0" cb="0"/><line nr="537" mi="4" ci="0" mb="0" cb="0"/><line nr="538" mi="1" ci="0" mb="0" cb="0"/><line nr="540" mi="4" ci="0" mb="0" cb="0"/><line nr="541" mi="4" ci="0" mb="0" cb="0"/><line nr="546" mi="1" ci="0" mb="0" cb="0"/><line nr="552" mi="16" ci="0" mb="0" cb="0"/><line nr="555" mi="4" ci="0" mb="0" cb="0"/><line nr="556" mi="4" ci="0" mb="0" cb="0"/><line nr="557" mi="1" ci="0" mb="0" cb="0"/><line nr="563" mi="76" ci="0" mb="0" cb="0"/><line nr="566" mi="8" ci="0" mb="0" cb="0"/><line nr="568" mi="4" ci="0" mb="0" cb="0"/><line nr="569" mi="4" ci="0" mb="0" cb="0"/><line nr="571" mi="9" ci="0" mb="2" cb="0"/><line nr="572" mi="9" ci="0" mb="2" cb="0"/><line nr="573" mi="9" ci="0" mb="2" cb="0"/><line nr="574" mi="9" ci="0" mb="2" cb="0"/><line nr="575" mi="9" ci="0" mb="2" cb="0"/><line nr="576" mi="9" ci="0" mb="2" cb="0"/><line nr="577" mi="9" ci="0" mb="2" cb="0"/><line nr="578" mi="9" ci="0" mb="2" cb="0"/><line nr="580" mi="8" ci="0" mb="2" cb="0"/><line nr="581" mi="8" ci="0" mb="2" cb="0"/><line nr="582" mi="8" ci="0" mb="2" cb="0"/><line nr="583" mi="8" ci="0" mb="2" cb="0"/><line nr="584" mi="1" ci="0" mb="0" cb="0"/><line nr="590" mi="104" ci="0" mb="0" cb="0"/><line nr="593" mi="6" ci="0" mb="2" cb="0"/><line nr="595" mi="2" ci="0" mb="2" cb="0"/><line nr="596" mi="4" ci="0" mb="0" cb="0"/><line nr="597" mi="4" ci="0" mb="0" cb="0"/><line nr="598" mi="2" ci="0" mb="0" cb="0"/><line nr="599" mi="8" ci="0" mb="0" cb="0"/><line nr="600" mi="5" ci="0" mb="0" cb="0"/><line nr="602" mi="4" ci="0" mb="0" cb="0"/><line nr="603" mi="4" ci="0" mb="0" cb="0"/><line nr="604" mi="4" ci="0" mb="0" cb="0"/><line nr="605" mi="4" ci="0" mb="0" cb="0"/><line nr="606" mi="4" ci="0" mb="0" cb="0"/><line nr="607" mi="4" ci="0" mb="0" cb="0"/><line nr="608" mi="4" ci="0" mb="0" cb="0"/><line nr="609" mi="4" ci="0" mb="0" cb="0"/><line nr="610" mi="4" ci="0" mb="0" cb="0"/><line nr="611" mi="4" ci="0" mb="0" cb="0"/><line nr="612" mi="4" ci="0" mb="0" cb="0"/><line nr="619" mi="4" ci="0" mb="0" cb="0"/><line nr="620" mi="4" ci="0" mb="0" cb="0"/><line nr="621" mi="4" ci="0" mb="0" cb="0"/><line nr="622" mi="4" ci="0" mb="0" cb="0"/><line nr="623" mi="4" ci="0" mb="0" cb="0"/><line nr="624" mi="4" ci="0" mb="0" cb="0"/><line nr="625" mi="4" ci="0" mb="0" cb="0"/><line nr="626" mi="4" ci="0" mb="0" cb="0"/><line nr="627" mi="4" ci="0" mb="0" cb="0"/><line nr="628" mi="4" ci="0" mb="0" cb="0"/><line nr="630" mi="4" ci="0" mb="0" cb="0"/><line nr="631" mi="4" ci="0" mb="0" cb="0"/><line nr="632" mi="4" ci="0" mb="0" cb="0"/><line nr="633" mi="4" ci="0" mb="0" cb="0"/><line nr="635" mi="4" ci="0" mb="0" cb="0"/><line nr="636" mi="4" ci="0" mb="0" cb="0"/><line nr="637" mi="4" ci="0" mb="0" cb="0"/><line nr="638" mi="4" ci="0" mb="0" cb="0"/><line nr="640" mi="8" ci="0" mb="2" cb="0"/><line nr="641" mi="8" ci="0" mb="2" cb="0"/><line nr="642" mi="1" ci="0" mb="0" cb="0"/><line nr="647" mi="4" ci="0" mb="0" cb="0"/><line nr="648" mi="4" ci="0" mb="0" cb="0"/><line nr="649" mi="4" ci="0" mb="0" cb="0"/><line nr="651" mi="4" ci="0" mb="0" cb="0"/><line nr="652" mi="4" ci="0" mb="0" cb="0"/><line nr="654" mi="4" ci="0" mb="0" cb="0"/><line nr="655" mi="4" ci="0" mb="0" cb="0"/><line nr="656" mi="4" ci="0" mb="0" cb="0"/><line nr="658" mi="4" ci="0" mb="0" cb="0"/><line nr="660" mi="3" ci="0" mb="0" cb="0"/><line nr="661" mi="3" ci="0" mb="0" cb="0"/><line nr="662" mi="3" ci="0" mb="0" cb="0"/><line nr="663" mi="3" ci="0" mb="0" cb="0"/><line nr="664" mi="3" ci="0" mb="0" cb="0"/><line nr="665" mi="9" ci="0" mb="0" cb="0"/><line nr="668" mi="4" ci="0" mb="0" cb="0"/><line nr="670" mi="6" ci="0" mb="0" cb="0"/><line nr="671" mi="4" ci="0" mb="0" cb="0"/><line nr="673" mi="6" ci="0" mb="0" cb="0"/><line nr="674" mi="4" ci="0" mb="0" cb="0"/><line nr="676" mi="6" ci="0" mb="0" cb="0"/><line nr="677" mi="4" ci="0" mb="0" cb="0"/><line nr="680" mi="3" ci="0" mb="0" cb="0"/><line nr="681" mi="6" ci="0" mb="0" cb="0"/><line nr="683" mi="4" ci="0" mb="0" cb="0"/><line nr="685" mi="6" ci="0" mb="0" cb="0"/><line nr="686" mi="4" ci="0" mb="0" cb="0"/><line nr="688" mi="6" ci="0" mb="0" cb="0"/><line nr="689" mi="4" ci="0" mb="0" cb="0"/><line nr="691" mi="6" ci="0" mb="0" cb="0"/><line nr="692" mi="4" ci="0" mb="0" cb="0"/><line nr="695" mi="3" ci="0" mb="0" cb="0"/><line nr="696" mi="6" ci="0" mb="0" cb="0"/><line nr="698" mi="4" ci="0" mb="0" cb="0"/><line nr="700" mi="6" ci="0" mb="0" cb="0"/><line nr="701" mi="4" ci="0" mb="0" cb="0"/><line nr="703" mi="6" ci="0" mb="0" cb="0"/><line nr="704" mi="4" ci="0" mb="0" cb="0"/><line nr="706" mi="6" ci="0" mb="0" cb="0"/><line nr="707" mi="4" ci="0" mb="0" cb="0"/><line nr="710" mi="3" ci="0" mb="0" cb="0"/><line nr="711" mi="6" ci="0" mb="0" cb="0"/><line nr="713" mi="4" ci="0" mb="0" cb="0"/><line nr="715" mi="6" ci="0" mb="0" cb="0"/><line nr="716" mi="4" ci="0" mb="0" cb="0"/><line nr="718" mi="6" ci="0" mb="0" cb="0"/><line nr="719" mi="4" ci="0" mb="0" cb="0"/><line nr="721" mi="6" ci="0" mb="0" cb="0"/><line nr="722" mi="4" ci="0" mb="0" cb="0"/><line nr="725" mi="3" ci="0" mb="0" cb="0"/><line nr="726" mi="6" ci="0" mb="0" cb="0"/><line nr="728" mi="4" ci="0" mb="0" cb="0"/><line nr="730" mi="6" ci="0" mb="0" cb="0"/><line nr="731" mi="4" ci="0" mb="0" cb="0"/><line nr="733" mi="6" ci="0" mb="0" cb="0"/><line nr="734" mi="3" ci="0" mb="0" cb="0"/><line nr="736" mi="4" ci="0" mb="0" cb="0"/><line nr="738" mi="4" ci="0" mb="0" cb="0"/><line nr="739" mi="4" ci="0" mb="0" cb="0"/><line nr="741" mi="4" ci="0" mb="0" cb="0"/><line nr="742" mi="3" ci="0" mb="0" cb="0"/><line nr="743" mi="1" ci="0" mb="0" cb="0"/><counter type="INSTRUCTION" missed="1529" covered="308"/><counter type="BRANCH" missed="88" covered="51"/><counter type="LINE" missed="296" covered="67"/><counter type="COMPLEXITY" missed="64" covered="27"/><counter type="METHOD" missed="13" covered="4"/><counter type="CLASS" missed="5" covered="1"/></sourcefile><sourcefile name="MavyButton.java"><line nr="10" mi="0" ci="3" mb="0" cb="0"/><line nr="12" mi="0" ci="2" mb="0" cb="0"/><line nr="13" mi="0" ci="3" mb="0" cb="0"/><line nr="14" mi="0" ci="3" mb="0" cb="0"/><line nr="15" mi="0" ci="3" mb="0" cb="0"/><line nr="16" mi="0" ci="4" mb="0" cb="0"/><line nr="17" mi="0" ci="3" mb="0" cb="0"/><line nr="18" mi="0" ci="1" mb="0" cb="0"/><line nr="21" mi="0" ci="3" mb="0" cb="0"/><line nr="22" mi="0" ci="3" mb="0" cb="0"/><line nr="23" mi="0" ci="1" mb="0" cb="0"/><line nr="31" mi="0" ci="3" mb="0" cb="0"/><line nr="33" mi="0" ci="2" mb="0" cb="2"/><line nr="34" mi="0" ci="3" mb="0" cb="0"/><line nr="35" mi="0" ci="4" mb="0" cb="0"/><line nr="36" mi="0" ci="5" mb="0" cb="0"/><line nr="38" mi="0" ci="3" mb="0" cb="0"/><line nr="40" mi="0" ci="1" mb="0" cb="0"/><counter type="INSTRUCTION" missed="0" covered="50"/><counter type="BRANCH" missed="0" covered="2"/><counter type="LINE" missed="0" covered="18"/><counter type="COMPLEXITY" missed="0" covered="4"/><counter type="METHOD" missed="0" covered="3"/><counter type="CLASS" missed="0" covered="1"/></sourcefile><sourcefile name="MavyProps.java"><line nr="5" mi="3" ci="0" mb="0" cb="0"/><line nr="9" mi="0" ci="5" mb="0" cb="0"/><line nr="10" mi="0" ci="5" mb="0" cb="0"/><line nr="11" mi="0" ci="5" mb="0" cb="0"/><line nr="12" mi="0" ci="5" mb="0" cb="0"/><line nr="13" mi="0" ci="5" mb="0" cb="0"/><line nr="14" mi="0" ci="5" mb="0" cb="0"/><line nr="15" mi="0" ci="5" mb="0" cb="0"/><line nr="16" mi="0" ci="6" mb="0" cb="0"/><line nr="30" mi="0" ci="7" mb="0" cb="0"/><line nr="40" mi="0" ci="2" mb="0" cb="0"/><line nr="42" mi="0" ci="4" mb="0" cb="0"/><line nr="44" mi="0" ci="8" mb="0" cb="2"/><line nr="45" mi="0" ci="20" mb="0" cb="0"/><line nr="47" mi="0" ci="6" mb="0" cb="2"/><line nr="48" mi="0" ci="3" mb="0" cb="0"/><line nr="52" mi="0" ci="2" mb="0" cb="0"/><line nr="62" mi="0" ci="7" mb="0" cb="0"/><counter type="INSTRUCTION" missed="3" covered="100"/><counter type="BRANCH" missed="0" covered="4"/><counter type="LINE" missed="1" covered="17"/><counter type="COMPLEXITY" missed="1" covered="6"/><counter type="METHOD" missed="1" covered="4"/><counter type="CLASS" missed="0" covered="1"/></sourcefile><counter type="INSTRUCTION" missed="1586" covered="867"/><counter type="BRANCH" missed="125" covered="125"/><counter type="LINE" missed="305" covered="195"/><counter type="COMPLEXITY" missed="91" covered="72"/><counter type="METHOD" missed="14" covered="18"/><counter type="CLASS" missed="5" covered="4"/></package><counter type="INSTRUCTION" missed="1586" covered="867"/><counter type="BRANCH" missed="125" covered="125"/><counter type="LINE" missed="305" covered="195"/><counter type="COMPLEXITY" missed="91" covered="72"/><counter type="METHOD" missed="14" covered="18"/><counter type="CLASS" missed="5" covered="4"/></report>