<?xml version="1.0" encoding="UTF-8"?>
<testsuite xmlns:xsi="http://www.w3.org/2001/XMLSchema-instance" xsi:noNamespaceSchemaLocation="https://maven.apache.org/surefire/maven-surefire-plugin/xsd/surefire-test-report-3.0.xsd" version="3.0" name="MavyButtonTest" time="2.241" tests="16" errors="0" skipped="0" failures="0">
  <properties>
[...]
</properties>
  <testcase name="testDefaultConstructor_focusPainted" classname="MavyButtonTest" time="1.664"/>
  <testcase name="testDefaultConstructor_enabled" classname="MavyButtonTest" time="0.02"/>
  <testcase name="testSetCustomEnabled_Enabled_isEnabled" classname="MavyButtonTest" time="0.029"/>
  <testcase name="testSetCustomEnabled_Enabled_cursor" classname="MavyButtonTest" time="0.068"/>
  <testcase name="testConstructorWithColor_borderPainted" classname="MavyButtonTest" time="0.009"/>
  <testcase name="testDefaultConstructor_borderPainted" classname="MavyButtonTest" time="0.004"/>
  <testcase name="testConstructorWithColor_focusPainted" classname="MavyButtonTest" time="0.004"/>
  <testcase name="testSetCustomEnabled_Enabled_foreground" classname="MavyButtonTest" time="0.009"/>
  <testcase name="testConstructorWithColor_font" classname="MavyButtonTest" time="0.021"/>
  <testcase name="testConstructorWithColor_text" classname="MavyButtonTest" time="0.014"/>
  <testcase name="testSetCustomEnabled_Enabled_background" classname="MavyButtonTest" time="0.019"/>
  <testcase name="testDefaultConstructor_font" classname="MavyButtonTest" time="0.013"/>
  <testcase name="testDefaultConstructor_text" classname="MavyButtonTest" time="0.013"/>
  <testcase name="testSetCustomEnabled_Disabled_isEnabled" classname="MavyButtonTest" time="0.011"/>
  <testcase name="testConstructorWithColor_enabled" classname="MavyButtonTest" time="0.012"/>
  <testcase name="testSetCustomEnabled_Disabled_background" classname="MavyButtonTest" time="0.008"/>
</testsuite>