<?xml version="1.0" encoding="UTF-8"?>
<testsuite xmlns:xsi="http://www.w3.org/2001/XMLSchema-instance" xsi:noNamespaceSchemaLocation="https://maven.apache.org/surefire/maven-surefire-plugin/xsd/surefire-test-report-3.0.xsd" version="3.0" name="MavyPropsTest" time="0.324" tests="15" errors="0" skipped="0" failures="0">
  <properties>
[...]
</properties>
  <testcase name="testForeColor" classname="MavyPropsTest" time="0.0"/>
  <testcase name="testBlueColor" classname="MavyPropsTest" time="0.0"/>
  <testcase name="testReverseString_case1" classname="MavyPropsTest" time="0.0"/>
  <testcase name="testReverseString_case2" classname="MavyPropsTest" time="0.001"/>
  <testcase name="testDarkColor" classname="MavyPropsTest" time="0.0"/>
  <testcase name="testYellowColor" classname="MavyPropsTest" time="0.001"/>
  <testcase name="testGreenColor" classname="MavyPropsTest" time="0.0"/>
  <testcase name="testRedColor" classname="MavyPropsTest" time="0.0"/>
  <testcase name="testSurfaceColor" classname="MavyPropsTest" time="0.0"/>
  <testcase name="testCreateFont" classname="MavyPropsTest" time="0.3"/>
  <testcase name="testShowStepsConstant" classname="MavyPropsTest" time="0.001"/>
  <testcase name="testDisabledColor" classname="MavyPropsTest" time="0.0"/>
  <testcase name="testForceCapitalize_case1" classname="MavyPropsTest" time="0.001"/>
  <testcase name="testForceCapitalize_case2" classname="MavyPropsTest" time="0.0"/>
  <testcase name="testForceCapitalize_case3" classname="MavyPropsTest" time="0.001"/>
</testsuite>